Started at Mon Nov 14 01:11:02 UTC 2022
Processing Java
Offering Java to Project Build Discarder
Processing javaproject
Offering javaproject to Project Build Discarder
Processing project-c
Offering project-c to Project Build Discarder
Finished at Mon Nov 14 01:11:02 UTC 2022. 3ms
Started at Mon Nov 14 02:11:02 UTC 2022
Processing Java
Offering Java to Project Build Discarder
Processing javaproject
Offering javaproject to Project Build Discarder
Processing project-c
Offering project-c to Project Build Discarder
Finished at Mon Nov 14 02:11:02 UTC 2022. 1ms
Started at Mon Nov 14 03:11:02 UTC 2022
Processing Java
Offering Java to Project Build Discarder
Processing javaproject
Offering javaproject to Project Build Discarder
Processing project-c
Offering project-c to Project Build Discarder
Finished at Mon Nov 14 03:11:02 UTC 2022. 1ms
Started at Mon Nov 14 04:11:02 UTC 2022
Processing Java
Offering Java to Project Build Discarder
Processing javaproject
Offering javaproject to Project Build Discarder
Processing project-c
Offering project-c to Project Build Discarder
Finished at Mon Nov 14 04:11:02 UTC 2022. 3ms
Started at Mon Nov 14 05:11:02 UTC 2022
Processing Java
Offering Java to Project Build Discarder
Processing javaproject
Offering javaproject to Project Build Discarder
Processing project-c
Offering project-c to Project Build Discarder
Finished at Mon Nov 14 05:11:02 UTC 2022. 1ms
Started at Mon Nov 14 06:11:02 UTC 2022
Processing Java
Offering Java to Project Build Discarder
Processing javaproject
Offering javaproject to Project Build Discarder
Processing project-c
Offering project-c to Project Build Discarder
Finished at Mon Nov 14 06:11:02 UTC 2022. 0ms
Started at Mon Nov 14 07:11:02 UTC 2022
Processing Java
Offering Java to Project Build Discarder
Processing javaproject
Offering javaproject to Project Build Discarder
Processing project-c
Offering project-c to Project Build Discarder
Finished at Mon Nov 14 07:11:02 UTC 2022. 3ms
Started at Mon Nov 14 08:11:02 UTC 2022
Processing Java
Offering Java to Project Build Discarder
Processing project-c
Offering project-c to Project Build Discarder
Finished at Mon Nov 14 08:11:02 UTC 2022. 1ms
